{"name": "test_reg_fields_validation", "status": "failed", "statusDetails": {"message": "AssertionError: assert False\n +  where False = <bound method RegistrationPage.reg_check_validation of <ui.pages.registration_page.RegistrationPage object at 0x10b94c520>>()\n +    where <bound method RegistrationPage.reg_check_validation of <ui.pages.registration_page.RegistrationPage object at 0x10b94c520>> = <ui.pages.registration_page.RegistrationPage object at 0x10b94c520>.reg_check_validation", "trace": "self = <test_ui.TestRegistrationUI object at 0x10770a8b0>\nregistration_page = <ui.pages.registration_page.RegistrationPage object at 0x10b94c520>\n\n    @allure.description(\n        \"\"\"\n        Test fields validation on registration page\n        \"\"\"\n    )\n    def test_reg_fields_validation(self, registration_page):\n>       assert registration_page.reg_check_validation()\nE       assert False\nE        +  where False = <bound method RegistrationPage.reg_check_validation of <ui.pages.registration_page.RegistrationPage object at 0x10b94c520>>()\nE        +    where <bound method RegistrationPage.reg_check_validation of <ui.pages.registration_page.RegistrationPage object at 0x10b94c520>> = <ui.pages.registration_page.RegistrationPage object at 0x10b94c520>.reg_check_validation\n\nui_tests/test_ui.py:83: AssertionError"}, "description": "\n        Test fields validation on registration page\n        ", "steps": [{"name": "Check registration fields validation", "status": "passed", "steps": [{"name": "Check fields validation of ('id', 'user_name')", "status": "passed", "parameters": [{"name": "locator", "value": "('id', 'user_name')"}], "start": 1653323208598, "stop": 1653323208619}, {"name": "Check fields validation of ('id', 'user_surname')", "status": "passed", "parameters": [{"name": "locator", "value": "('id', 'user_surname')"}], "start": 1653323208619, "stop": 1653323208642}, {"name": "Check fields validation of ('id', 'username')", "status": "passed", "parameters": [{"name": "locator", "value": "('id', 'username')"}], "start": 1653323208642, "stop": 1653323208660}, {"name": "Check fields validation of ('id', 'email')", "status": "passed", "parameters": [{"name": "locator", "value": "('id', 'email')"}], "start": 1653323208660, "stop": 1653323208673}], "start": 1653323208597, "stop": 1653323208673}], "attachments": [{"name": "log", "source": "13a76be1-2fc1-44d1-bf43-bbc7a57f27fa-attachment.txt", "type": "text/plain"}, {"name": "stdout", "source": "4d8392a6-5017-4079-b9fb-e72d74edb671-attachment.txt", "type": "text/plain"}, {"name": "stderr", "source": "f67eb83a-f87f-4d17-9b41-e15edb7ca495-attachment.txt", "type": "text/plain"}], "start": 1653323208597, "stop": 1653323208673, "uuid": "be3b78df-cfb3-413a-adc5-edea9d930756", "historyId": "3d8c94725a03bf043a6df12d9aef755b", "testCaseId": "c7551d73d43418b8fe8f69491200ca58", "fullName": "tests.ui_tests.test_ui.TestRegistrationUI#test_reg_fields_validation", "labels": [{"name": "feature", "value": "UI registration tests"}, {"name": "tag", "value": "UI"}, {"name": "parentSuite", "value": "tests.ui_tests"}, {"name": "suite", "value": "test_ui"}, {"name": "subSuite", "value": "TestRegistrationUI"}, {"name": "host", "value": "MacBook-Air-Evgenii.local"}, {"name": "thread", "value": "32146-MainThread"}, {"name": "framework", "value": "pytest"}, {"name": "language", "value": "cpython3"}, {"name": "package", "value": "tests.ui_tests.test_ui"}]}